  [1m[35m (1.5ms)[0m  [1m[35mCREATE DATABASE "backend_development" ENCODING = 'unicode'[0m
  [1m[35m (0.4ms)[0m  [1m[35mCREATE DATABASE "backend_test" ENCODING = 'unicode'[0m
  [1m[35m (0.6ms)[0m  [1m[34mSELECT pg_try_advisory_lock(5073945470573576205)[0m
  [1m[35m (1.0ms)[0m  [1m[34mSELECT "schema_migrations"."version" FROM "schema_migrations" ORDER BY "schema_migrations"."version" ASC[0m
Migrating to CreateUsers (20210604065915)
  [1m[36mTRANSACTION (1.9ms)[0m  [1m[35mBEGIN[0m
  [1m[35m (6.6ms)[0m  [1m[35mCREATE TABLE "users" ("id" bigserial primary key, "email" character varying, "password_digest" character varying, "name" character varying, "created_at" timestamp(6) NOT NULL, "updated_at" timestamp(6) NOT NULL)[0m
  [1m[36mActiveRecord::SchemaMigration Create (0.4ms)[0m  [1m[32mINSERT INTO "schema_migrations" ("version") VALUES ($1) RETURNING "version"[0m  [["version", "20210604065915"]]
  [1m[36mTRANSACTION (0.8ms)[0m  [1m[35mCOMMIT[0m
Migrating to CreateImages (20210604070041)
  [1m[36mTRANSACTION (4.6ms)[0m  [1m[35mBEGIN[0m
  [1m[35m (4.3ms)[0m  [1m[35mCREATE TABLE "images" ("id" bigserial primary key, "image" text, "user_id" bigint NOT NULL, "created_at" timestamp(6) NOT NULL, "updated_at" timestamp(6) NOT NULL, CONSTRAINT "fk_rails_19cd822056"
FOREIGN KEY ("user_id")
  REFERENCES "users" ("id")
)[0m
  [1m[35m (1.0ms)[0m  [1m[35mCREATE INDEX "index_images_on_user_id" ON "images" ("user_id")[0m
  [1m[36mActiveRecord::SchemaMigration Create (1.7ms)[0m  [1m[32mINSERT INTO "schema_migrations" ("version") VALUES ($1) RETURNING "version"[0m  [["version", "20210604070041"]]
  [1m[36mTRANSACTION (0.4ms)[0m  [1m[35mCOMMIT[0m
Migrating to CreateHearts (20210604070351)
  [1m[36mTRANSACTION (7.4ms)[0m  [1m[35mBEGIN[0m
  [1m[35m (9.1ms)[0m  [1m[35mCREATE TABLE "hearts" ("id" bigserial primary key, "heart_count" integer, "image_id" bigint NOT NULL, "created_at" timestamp(6) NOT NULL, "updated_at" timestamp(6) NOT NULL, CONSTRAINT "fk_rails_ef713215f1"
FOREIGN KEY ("image_id")
  REFERENCES "images" ("id")
)[0m
  [1m[35m (3.2ms)[0m  [1m[35mCREATE INDEX "index_hearts_on_image_id" ON "hearts" ("image_id")[0m
  [1m[36mActiveRecord::SchemaMigration Create (6.9ms)[0m  [1m[32mINSERT INTO "schema_migrations" ("version") VALUES ($1) RETURNING "version"[0m  [["version", "20210604070351"]]
  [1m[36mTRANSACTION (6.2ms)[0m  [1m[35mCOMMIT[0m
  [1m[36mActiveRecord::InternalMetadata Load (3.6ms)[0m  [1m[34mSELECT "ar_internal_metadata".* FROM "ar_internal_metadata" WHERE "ar_internal_metadata"."key" = $1 LIMIT $2[0m  [["key", "environment"], ["LIMIT", 1]]
  [1m[35m (0.3ms)[0m  [1m[34mSELECT pg_advisory_unlock(5073945470573576205)[0m
  [1m[35m (0.8ms)[0m  [1m[34mSELECT "schema_migrations"."version" FROM "schema_migrations" ORDER BY "schema_migrations"."version" ASC[0m
  [1m[36mUser Load (0.6ms)[0m  [1m[34mSELECT "users".* FROM "users" /* loading for inspect */ LIMIT $1[0m  [["LIMIT", 11]]
  [1m[36mHeart Load (1.3ms)[0m  [1m[34mSELECT "hearts".* FROM "hearts" /* loading for inspect */ LIMIT $1[0m  [["LIMIT", 11]]
  [1m[36mUser Load (1.5ms)[0m  [1m[34mSELECT "users".* FROM "users" /* loading for inspect */ LIMIT $1[0m  [["LIMIT", 11]]
  [1m[36mUser Load (0.4ms)[0m  [1m[34mSELECT "users".* FROM "users" ORDER BY "users"."id" ASC LIMIT $1[0m  [["LIMIT", 1]]
  [1m[36mUser Load (1.8ms)[0m  [1m[34mSELECT "users".* FROM "users" ORDER BY "users"."id" ASC LIMIT $1[0m  [["LIMIT", 1]]
  [1m[36mUser Load (1.2ms)[0m  [1m[34mSELECT "users".* FROM "users" /* loading for inspect */ LIMIT $1[0m  [["LIMIT", 11]]
Started GET "/" for ::1 at 2021-06-06 02:55:08 -0500
  [1m[35m (0.8ms)[0m  [1m[34mSELECT "schema_migrations"."version" FROM "schema_migrations" ORDER BY "schema_migrations"."version" ASC[0m
Processing by Rails::WelcomeController#index as HTML
  Rendering /Users/andrewcasino/.rvm/gems/ruby-2.6.1/gems/railties-6.1.3.2/lib/rails/templates/rails/welcome/index.html.erb
  Rendered /Users/andrewcasino/.rvm/gems/ruby-2.6.1/gems/railties-6.1.3.2/lib/rails/templates/rails/welcome/index.html.erb (Duration: 9.3ms | Allocations: 480)
Completed 200 OK in 32ms (Views: 15.8ms | ActiveRecord: 0.0ms | Allocations: 4150)


Started GET "/favicon.ico" for ::1 at 2021-06-06 02:55:09 -0500
  
ActionController::RoutingError (No route matches [GET] "/favicon.ico"):
  
Started GET "/" for ::1 at 2021-06-06 02:55:16 -0500
Processing by Rails::WelcomeController#index as HTML
  Rendering /Users/andrewcasino/.rvm/gems/ruby-2.6.1/gems/railties-6.1.3.2/lib/rails/templates/rails/welcome/index.html.erb
  Rendered /Users/andrewcasino/.rvm/gems/ruby-2.6.1/gems/railties-6.1.3.2/lib/rails/templates/rails/welcome/index.html.erb (Duration: 9.0ms | Allocations: 191)
Completed 200 OK in 12ms (Views: 10.1ms | ActiveRecord: 0.0ms | Allocations: 752)


Started GET "/index" for ::1 at 2021-06-06 02:55:17 -0500
  
ActionController::RoutingError (No route matches [GET] "/index"):
  
Started GET "/favicon.ico" for ::1 at 2021-06-06 02:55:17 -0500
  
ActionController::RoutingError (No route matches [GET] "/favicon.ico"):
  
